Determining if the pthread_create exist failed with the following output:
Change Dir: /home/grolland/advancedHPC/labwork/build/CMakeFiles/CMakeTmp

Run Build Command:"/usr/bin/make" "cmTC_7afde/fast"
/usr/bin/make -f CMakeFiles/cmTC_7afde.dir/build.make CMakeFiles/cmTC_7afde.dir/build
make[1]: Entering directory '/home/grolland/advancedHPC/labwork/build/CMakeFiles/CMakeTmp'
Building C object CMakeFiles/cmTC_7afde.dir/CheckSymbolExists.c.o
/usr/bin/cc    -fPIC    -o CMakeFiles/cmTC_7afde.dir/CheckSymbolExists.c.o   -c /home/grolland/advancedHPC/labwork/build/CMakeFiles/CMakeTmp/CheckSymbolExists.c
Linking C executable cmTC_7afde
/usr/bin/cmake -E cmake_link_script CMakeFiles/cmTC_7afde.dir/link.txt --verbose=1
/usr/bin/cc  -fPIC     CMakeFiles/cmTC_7afde.dir/CheckSymbolExists.c.o  -o cmTC_7afde -rdynamic 
CMakeFiles/cmTC_7afde.dir/CheckSymbolExists.c.o: In function `main':
CheckSymbolExists.c:(.text+0x1b): undefined reference to `pthread_create'
collect2: error: ld returned 1 exit status
CMakeFiles/cmTC_7afde.dir/build.make:97: recipe for target 'cmTC_7afde' failed
make[1]: *** [cmTC_7afde] Error 1
make[1]: Leaving directory '/home/grolland/advancedHPC/labwork/build/CMakeFiles/CMakeTmp'
Makefile:126: recipe for target 'cmTC_7afde/fast' failed
make: *** [cmTC_7afde/fast] Error 2

File /home/grolland/advancedHPC/labwork/build/CMakeFiles/CMakeTmp/CheckSymbolExists.c:
/* */
#include <pthread.h>

int main(int argc, char** argv)
{
  (void)argv;
#ifndef pthread_create
  return ((int*)(&pthread_create))[argc];
#else
  (void)argc;
  return 0;
#endif
}

Determining if the function pthread_create exists in the pthreads failed with the following output:
Change Dir: /home/grolland/advancedHPC/labwork/build/CMakeFiles/CMakeTmp

Run Build Command:"/usr/bin/make" "cmTC_cb753/fast"
/usr/bin/make -f CMakeFiles/cmTC_cb753.dir/build.make CMakeFiles/cmTC_cb753.dir/build
make[1]: Entering directory '/home/grolland/advancedHPC/labwork/build/CMakeFiles/CMakeTmp'
Building C object CMakeFiles/cmTC_cb753.dir/CheckFunctionExists.c.o
/usr/bin/cc    -fPIC -DCHECK_FUNCTION_EXISTS=pthread_create   -o CMakeFiles/cmTC_cb753.dir/CheckFunctionExists.c.o   -c /usr/share/cmake-3.7/Modules/CheckFunctionExists.c
Linking C executable cmTC_cb753
/usr/bin/cmake -E cmake_link_script CMakeFiles/cmTC_cb753.dir/link.txt --verbose=1
/usr/bin/cc  -fPIC -DCHECK_FUNCTION_EXISTS=pthread_create    CMakeFiles/cmTC_cb753.dir/CheckFunctionExists.c.o  -o cmTC_cb753 -rdynamic -lpthreads 
/usr/bin/ld: cannot find -lpthreads
collect2: error: ld returned 1 exit status
CMakeFiles/cmTC_cb753.dir/build.make:97: recipe for target 'cmTC_cb753' failed
make[1]: *** [cmTC_cb753] Error 1
make[1]: Leaving directory '/home/grolland/advancedHPC/labwork/build/CMakeFiles/CMakeTmp'
Makefile:126: recipe for target 'cmTC_cb753/fast' failed
make: *** [cmTC_cb753/fast] Error 2


